# JRE version: OpenJDK Runtime Environment Temurin-21.0.3+9 (21.0.3+9) (build 21.0.3+9-LTS)
# Java VM: OpenJDK 64-Bit Server VM Temurin-21.0.3+9 (21.0.3+9-LTS, mixed mode, sharing, tiered, compressed oops, compressed class ptrs, g1 gc, windows-amd64)
GC Precious Log:
 CardTable entry size: 512
 Card Set container configuration: InlinePtr #cards 5 size 8 Array Of Cards #cards 12 size 40 Howl #buckets 4 coarsen threshold 1843 Howl Bitmap #cards 512 size 80 coarsen threshold 460 Card regions per heap region 1 cards per card region 2048
 CPUs: 16 total, 16 available
 Memory: 7805M
 Large Page Support: Disabled
 NUMA Support: Disabled
 Compressed Oops: Enabled (32-bit)
 Heap Region Size: 1M
 Heap Min Capacity: 8M
 Heap Initial Capacity: 122M
 Heap Max Capacity: 512M
 Pre-touch: Disabled
 Parallel Workers: 13
 Concurrent Workers: 3
 Concurrent Refinement Workers: 13
 Periodic GC: Disabled
Heap:
 garbage-first heap   total 68608K, used 44036K [0x00000000e0000000, 0x0000000100000000)
  region size 1024K, 18 young (18432K), 2 survivors (2048K)
 Metaspace       used 36990K, committed 37504K, reserved 1114112K
  class space    used 4957K, committed 5184K, reserved 1048576K
GC Heap History (16 events):
Event: 4.401 GC heap before
{Heap before GC invocations=0 (full 0):
 garbage-first heap   total 124928K, used 25600K [0x00000000e0000000, 0x0000000100000000)
  region size 1024K, 23 young (23552K), 0 survivors (0K)
 Metaspace       used 5139K, committed 5376K, reserved 1114112K
  class space    used 627K, committed 704K, reserved 1048576K
}
Event: 4.408 GC heap after
{Heap after GC invocations=1 (full 0):
 garbage-first heap   total 124928K, used 13853K [0x00000000e0000000, 0x0000000100000000)
  region size 1024K, 3 young (3072K), 3 survivors (3072K)
 Metaspace       used 5139K, committed 5376K, reserved 1114112K
  class space    used 627K, committed 704K, reserved 1048576K
}
Event: 5.937 GC heap before
{Heap before GC invocations=1 (full 0):
 garbage-first heap   total 124928K, used 35357K [0x00000000e0000000, 0x0000000100000000)
  region size 1024K, 24 young (24576K), 3 survivors (3072K)
 Metaspace       used 10178K, committed 10496K, reserved 1114112K
  class space    used 1355K, committed 1472K, reserved 1048576K
}
Event: 5.941 GC heap after
{Heap after GC invocations=2 (full 0):
 garbage-first heap   total 124928K, used 16025K [0x00000000e0000000, 0x0000000100000000)
  region size 1024K, 2 young (2048K), 2 survivors (2048K)
 Metaspace       used 10178K, committed 10496K, reserved 1114112K
  class space    used 1355K, committed 1472K, reserved 1048576K
}
Event: 6.869 GC heap before
{Heap before GC invocations=2 (full 0):
 garbage-first heap   total 124928K, used 53913K [0x00000000e0000000, 0x0000000100000000)
  region size 1024K, 39 young (39936K), 2 survivors (2048K)
 Metaspace       used 19639K, committed 20160K, reserved 1114112K
  class space    used 2734K, committed 2944K, reserved 1048576K
}
Event: 6.873 GC heap after
{Heap after GC invocations=3 (full 0):
 garbage-first heap   total 124928K, used 18760K [0x00000000e0000000, 0x0000000100000000)
  region size 1024K, 5 young (5120K), 5 survivors (5120K)
 Metaspace       used 19639K, committed 20160K, reserved 1114112K
  class space    used 2734K, committed 2944K, reserved 1048576K
}
Event: 6.929 GC heap before
{Heap before GC invocations=3 (full 0):
 garbage-first heap   total 124928K, used 23880K [0x00000000e0000000, 0x0000000100000000)
  region size 1024K, 11 young (11264K), 5 survivors (5120K)
 Metaspace       used 21043K, committed 21504K, reserved 1114112K
  class space    used 2912K, committed 3136K, reserved 1048576K
}
Event: 6.932 GC heap after
{Heap after GC invocations=4 (full 0):
 garbage-first heap   total 124928K, used 19057K [0x00000000e0000000, 0x0000000100000000)
  region size 1024K, 5 young (5120K), 5 survivors (5120K)
 Metaspace       used 21043K, committed 21504K, reserved 1114112K
  class space    used 2912K, committed 3136K, reserved 1048576K
}
Event: 7.377 GC heap before
{Heap before GC invocations=5 (full 0):
 garbage-first heap   total 68608K, used 53873K [0x00000000e0000000, 0x0000000100000000)
  region size 1024K, 40 young (40960K), 5 survivors (5120K)
 Metaspace       used 27351K, committed 27840K, reserved 1114112K
  class space    used 3742K, committed 3968K, reserved 1048576K
}
Event: 7.382 GC heap after
{Heap after GC invocations=6 (full 0):
 garbage-first heap   total 68608K, used 21670K [0x00000000e0000000, 0x0000000100000000)
  region size 1024K, 4 young (4096K), 4 survivors (4096K)
 Metaspace       used 27351K, committed 27840K, reserved 1114112K
  class space    used 3742K, committed 3968K, reserved 1048576K
}
Event: 8.792 GC heap before
{Heap before GC invocations=6 (full 0):
 garbage-first heap   total 68608K, used 51366K [0x00000000e0000000, 0x0000000100000000)
  region size 1024K, 34 young (34816K), 4 survivors (4096K)
 Metaspace       used 31086K, committed 31616K, reserved 1114112K
  class space    used 4196K, committed 4416K, reserved 1048576K
}
Event: 8.796 GC heap after
{Heap after GC invocations=7 (full 0):
 garbage-first heap   total 68608K, used 24510K [0x00000000e0000000, 0x0000000100000000)
  region size 1024K, 5 young (5120K), 5 survivors (5120K)
 Metaspace       used 31086K, committed 31616K, reserved 1114112K
  class space    used 4196K, committed 4416K, reserved 1048576K
}
Event: 9.270 GC heap before
{Heap before GC invocations=7 (full 0):
 garbage-first heap   total 68608K, used 55230K [0x00000000e0000000, 0x0000000100000000)
  region size 1024K, 35 young (35840K), 5 survivors (5120K)
 Metaspace       used 33644K, committed 34176K, reserved 1114112K
  class space    used 4510K, committed 4736K, reserved 1048576K
}
Event: 9.274 GC heap after
{Heap after GC invocations=8 (full 0):
 garbage-first heap   total 68608K, used 27538K [0x00000000e0000000, 0x0000000100000000)
  region size 1024K, 3 young (3072K), 3 survivors (3072K)
 Metaspace       used 33644K, committed 34176K, reserved 1114112K
  class space    used 4510K, committed 4736K, reserved 1048576K
}
Event: 9.596 GC heap before
{Heap before GC invocations=8 (full 0):
 garbage-first heap   total 68608K, used 40850K [0x00000000e0000000, 0x0000000100000000)
  region size 1024K, 17 young (17408K), 3 survivors (3072K)
 Metaspace       used 35625K, committed 36096K, reserved 1114112K
  class space    used 4749K, committed 4992K, reserved 1048576K
}
Event: 9.598 GC heap after
{Heap after GC invocations=9 (full 0):
 garbage-first heap   total 68608K, used 28676K [0x00000000e0000000, 0x0000000100000000)
  region size 1024K, 2 young (2048K), 2 survivors (2048K)
 Metaspace       used 35625K, committed 36096K, reserved 1114112K
  class space    used 4749K, committed 4992K, reserved 1048576K
}

